# JRE version: OpenJDK Runtime Environment Temurin-21.0.8+9 (21.0.8+9) (build 21.0.8+9-LTS)
# Java VM: OpenJDK 64-Bit Server VM Temurin-21.0.8+9 (21.0.8+9-LTS, mixed mode, sharing, tiered, compressed oops, compressed class ptrs, parallel gc, windows-amd64)
GC Precious Log:
 CardTable entry size: 512
 CPUs: 6 total, 6 available
 Memory: 16332M
 Large Page Support: Disabled
 NUMA Support: Disabled
 Compressed Oops: Enabled (32-bit)
 Alignments: Space 512K, Generation 512K, Heap 2M
 Heap Min Capacity: 100M
 Heap Initial Capacity: 100M
 Heap Max Capacity: 2G
 Pre-touch: Disabled
 Parallel Workers: 6
Heap:
 PSYoungGen      total 8192K, used 3922K [0x00000000d5580000, 0x00000000d5f00000, 0x0000000100000000)
  eden space 7680K, 46% used [0x00000000d5580000,0x00000000d59047e0,0x00000000d5d00000)
  from space 512K, 62% used [0x00000000d5e80000,0x00000000d5ed0020,0x00000000d5f00000)
  to   space 1024K, 0% used [0x00000000d5d00000,0x00000000d5d00000,0x00000000d5e00000)
 ParOldGen       total 846848K, used 846380K [0x0000000080000000, 0x00000000b3b00000, 0x00000000d5580000)
  object space 846848K, 99% used [0x0000000080000000,0x00000000b3a8b168,0x00000000b3b00000)
 Metaspace       used 76816K, committed 78464K, reserved 1179648K
  class space    used 9287K, committed 9984K, reserved 1048576K
GC Heap History (20 events):
Event: 1958.312 GC heap before
{Heap before GC invocations=1628 (full 3):
 PSYoungGen      total 4608K, used 4352K [0x00000000d5580000, 0x00000000d5b00000, 0x0000000100000000)
  eden space 4096K, 100% used [0x00000000d5580000,0x00000000d5980000,0x00000000d5980000)
  from space 512K, 50% used [0x00000000d5a00000,0x00000000d5a40000,0x00000000d5a80000)
  to   space 512K, 0% used [0x00000000d5980000,0x00000000d5980000,0x00000000d5a00000)
 ParOldGen       total 842752K, used 842652K [0x0000000080000000, 0x00000000b3700000, 0x00000000d5580000)
  object space 842752K, 99% used [0x0000000080000000,0x00000000b36e7168,0x00000000b3700000)
 Metaspace       used 76796K, committed 78464K, reserved 1179648K
  class space    used 9286K, committed 9984K, reserved 1048576K
}
Event: 1958.314 GC heap after
{Heap after GC invocations=1628 (full 3):
 PSYoungGen      total 4608K, used 384K [0x00000000d5580000, 0x00000000d5b80000, 0x0000000100000000)
  eden space 4096K, 0% used [0x00000000d5580000,0x00000000d5580000,0x00000000d5980000)
  from space 512K, 75% used [0x00000000d5980000,0x00000000d59e0000,0x00000000d5a00000)
  to   space 512K, 0% used [0x00000000d5b00000,0x00000000d5b00000,0x00000000d5b80000)
 ParOldGen       total 843264K, used 842860K [0x0000000080000000, 0x00000000b3780000, 0x00000000d5580000)
  object space 843264K, 99% used [0x0000000080000000,0x00000000b371b168,0x00000000b3780000)
 Metaspace       used 76796K, committed 78464K, reserved 1179648K
  class space    used 9286K, committed 9984K, reserved 1048576K
}
Event: 1958.318 GC heap before
{Heap before GC invocations=1629 (full 3):
 PSYoungGen      total 4608K, used 4480K [0x00000000d5580000, 0x00000000d5b80000, 0x0000000100000000)
  eden space 4096K, 100% used [0x00000000d5580000,0x00000000d5980000,0x00000000d5980000)
  from space 512K, 75% used [0x00000000d5980000,0x00000000d59e0000,0x00000000d5a00000)
  to   space 512K, 0% used [0x00000000d5b00000,0x00000000d5b00000,0x00000000d5b80000)
 ParOldGen       total 843264K, used 842860K [0x0000000080000000, 0x00000000b3780000, 0x00000000d5580000)
  object space 843264K, 99% used [0x0000000080000000,0x00000000b371b168,0x00000000b3780000)
 Metaspace       used 76796K, committed 78464K, reserved 1179648K
  class space    used 9286K, committed 9984K, reserved 1048576K
}
Event: 1958.321 GC heap after
{Heap after GC invocations=1629 (full 3):
 PSYoungGen      total 5632K, used 384K [0x00000000d5580000, 0x00000000d5b80000, 0x0000000100000000)
  eden space 5120K, 0% used [0x00000000d5580000,0x00000000d5580000,0x00000000d5a80000)
  from space 512K, 75% used [0x00000000d5b00000,0x00000000d5b60000,0x00000000d5b80000)
  to   space 512K, 0% used [0x00000000d5a80000,0x00000000d5a80000,0x00000000d5b00000)
 ParOldGen       total 843264K, used 843204K [0x0000000080000000, 0x00000000b3780000, 0x00000000d5580000)
  object space 843264K, 99% used [0x0000000080000000,0x00000000b3771168,0x00000000b3780000)
 Metaspace       used 76796K, committed 78464K, reserved 1179648K
  class space    used 9286K, committed 9984K, reserved 1048576K
}
Event: 1958.326 GC heap before
{Heap before GC invocations=1630 (full 3):
 PSYoungGen      total 5632K, used 5504K [0x00000000d5580000, 0x00000000d5b80000, 0x0000000100000000)
  eden space 5120K, 100% used [0x00000000d5580000,0x00000000d5a80000,0x00000000d5a80000)
  from space 512K, 75% used [0x00000000d5b00000,0x00000000d5b60000,0x00000000d5b80000)
  to   space 512K, 0% used [0x00000000d5a80000,0x00000000d5a80000,0x00000000d5b00000)
 ParOldGen       total 843264K, used 843204K [0x0000000080000000, 0x00000000b3780000, 0x00000000d5580000)
  object space 843264K, 99% used [0x0000000080000000,0x00000000b3771168,0x00000000b3780000)
 Metaspace       used 76796K, committed 78464K, reserved 1179648K
  class space    used 9286K, committed 9984K, reserved 1048576K
}
Event: 1958.328 GC heap after
{Heap after GC invocations=1630 (full 3):
 PSYoungGen      total 5632K, used 384K [0x00000000d5580000, 0x00000000d5c80000, 0x0000000100000000)
  eden space 5120K, 0% used [0x00000000d5580000,0x00000000d5580000,0x00000000d5a80000)
  from space 512K, 75% used [0x00000000d5a80000,0x00000000d5ae0000,0x00000000d5b00000)
  to   space 512K, 0% used [0x00000000d5c00000,0x00000000d5c00000,0x00000000d5c80000)
 ParOldGen       total 843776K, used 843516K [0x0000000080000000, 0x00000000b3800000, 0x00000000d5580000)
  object space 843776K, 99% used [0x0000000080000000,0x00000000b37bf168,0x00000000b3800000)
 Metaspace       used 76796K, committed 78464K, reserved 1179648K
  class space    used 9286K, committed 9984K, reserved 1048576K
}
Event: 1958.335 GC heap before
{Heap before GC invocations=1631 (full 3):
 PSYoungGen      total 5632K, used 5504K [0x00000000d5580000, 0x00000000d5c80000, 0x0000000100000000)
  eden space 5120K, 100% used [0x00000000d5580000,0x00000000d5a80000,0x00000000d5a80000)
  from space 512K, 75% used [0x00000000d5a80000,0x00000000d5ae0000,0x00000000d5b00000)
  to   space 512K, 0% used [0x00000000d5c00000,0x00000000d5c00000,0x00000000d5c80000)
 ParOldGen       total 843776K, used 843516K [0x0000000080000000, 0x00000000b3800000, 0x00000000d5580000)
  object space 843776K, 99% used [0x0000000080000000,0x00000000b37bf168,0x00000000b3800000)
 Metaspace       used 76796K, committed 78464K, reserved 1179648K
  class space    used 9286K, committed 9984K, reserved 1048576K
}
Event: 1958.336 GC heap after
{Heap after GC invocations=1631 (full 3):
 PSYoungGen      total 6656K, used 416K [0x00000000d5580000, 0x00000000d5c80000, 0x0000000100000000)
  eden space 6144K, 0% used [0x00000000d5580000,0x00000000d5580000,0x00000000d5b80000)
  from space 512K, 81% used [0x00000000d5c00000,0x00000000d5c68000,0x00000000d5c80000)
  to   space 512K, 0% used [0x00000000d5b80000,0x00000000d5b80000,0x00000000d5c00000)
 ParOldGen       total 844288K, used 843860K [0x0000000080000000, 0x00000000b3880000, 0x00000000d5580000)
  object space 844288K, 99% used [0x0000000080000000,0x00000000b3815168,0x00000000b3880000)
 Metaspace       used 76796K, committed 78464K, reserved 1179648K
  class space    used 9286K, committed 9984K, reserved 1048576K
}
Event: 1958.343 GC heap before
{Heap before GC invocations=1632 (full 3):
 PSYoungGen      total 6656K, used 6560K [0x00000000d5580000, 0x00000000d5c80000, 0x0000000100000000)
  eden space 6144K, 100% used [0x00000000d5580000,0x00000000d5b80000,0x00000000d5b80000)
  from space 512K, 81% used [0x00000000d5c00000,0x00000000d5c68000,0x00000000d5c80000)
  to   space 512K, 0% used [0x00000000d5b80000,0x00000000d5b80000,0x00000000d5c00000)
 ParOldGen       total 844288K, used 843860K [0x0000000080000000, 0x00000000b3880000, 0x00000000d5580000)
  object space 844288K, 99% used [0x0000000080000000,0x00000000b3815168,0x00000000b3880000)
 Metaspace       used 76796K, committed 78464K, reserved 1179648K
  class space    used 9286K, committed 9984K, reserved 1048576K
}
Event: 1958.344 GC heap after
{Heap after GC invocations=1632 (full 3):
 PSYoungGen      total 6656K, used 512K [0x00000000d5580000, 0x00000000d5f00000, 0x0000000100000000)
  eden space 6144K, 0% used [0x00000000d5580000,0x00000000d5580000,0x00000000d5b80000)
  from space 512K, 100% used [0x00000000d5b80000,0x00000000d5c00000,0x00000000d5c00000)
  to   space 1024K, 0% used [0x00000000d5e00000,0x00000000d5e00000,0x00000000d5f00000)
 ParOldGen       total 844288K, used 844204K [0x0000000080000000, 0x00000000b3880000, 0x00000000d5580000)
  object space 844288K, 99% used [0x0000000080000000,0x00000000b386b168,0x00000000b3880000)
 Metaspace       used 76796K, committed 78464K, reserved 1179648K
  class space    used 9286K, committed 9984K, reserved 1048576K
}
Event: 1958.351 GC heap before
{Heap before GC invocations=1633 (full 3):
 PSYoungGen      total 6656K, used 6656K [0x00000000d5580000, 0x00000000d5f00000, 0x0000000100000000)
  eden space 6144K, 100% used [0x00000000d5580000,0x00000000d5b80000,0x00000000d5b80000)
  from space 512K, 100% used [0x00000000d5b80000,0x00000000d5c00000,0x00000000d5c00000)
  to   space 1024K, 0% used [0x00000000d5e00000,0x00000000d5e00000,0x00000000d5f00000)
 ParOldGen       total 844288K, used 844204K [0x0000000080000000, 0x00000000b3880000, 0x00000000d5580000)
  object space 844288K, 99% used [0x0000000080000000,0x00000000b386b168,0x00000000b3880000)
 Metaspace       used 76796K, committed 78464K, reserved 1179648K
  class space    used 9286K, committed 9984K, reserved 1048576K
}
Event: 1958.353 GC heap after
{Heap after GC invocations=1633 (full 3):
 PSYoungGen      total 8704K, used 512K [0x00000000d5580000, 0x00000000d5f00000, 0x0000000100000000)
  eden space 7680K, 0% used [0x00000000d5580000,0x00000000d5580000,0x00000000d5d00000)
  from space 1024K, 50% used [0x00000000d5e00000,0x00000000d5e80000,0x00000000d5f00000)
  to   space 1024K, 0% used [0x00000000d5d00000,0x00000000d5d00000,0x00000000d5e00000)
 ParOldGen       total 844800K, used 844644K [0x0000000080000000, 0x00000000b3900000, 0x00000000d5580000)
  object space 844800K, 99% used [0x0000000080000000,0x00000000b38d9168,0x00000000b3900000)
 Metaspace       used 76796K, committed 78464K, reserved 1179648K
  class space    used 9286K, committed 9984K, reserved 1048576K
}
Event: 1958.985 GC heap before
{Heap before GC invocations=1634 (full 3):
 PSYoungGen      total 8704K, used 8192K [0x00000000d5580000, 0x00000000d5f00000, 0x0000000100000000)
  eden space 7680K, 100% used [0x00000000d5580000,0x00000000d5d00000,0x00000000d5d00000)
  from space 1024K, 50% used [0x00000000d5e00000,0x00000000d5e80000,0x00000000d5f00000)
  to   space 1024K, 0% used [0x00000000d5d00000,0x00000000d5d00000,0x00000000d5e00000)
 ParOldGen       total 844800K, used 844644K [0x0000000080000000, 0x00000000b3900000, 0x00000000d5580000)
  object space 844800K, 99% used [0x0000000080000000,0x00000000b38d9168,0x00000000b3900000)
 Metaspace       used 76800K, committed 78464K, reserved 1179648K
  class space    used 9286K, committed 9984K, reserved 1048576K
}
Event: 1958.987 GC heap after
{Heap after GC invocations=1634 (full 3):
 PSYoungGen      total 8704K, used 224K [0x00000000d5580000, 0x00000000d5e80000, 0x0000000100000000)
  eden space 7680K, 0% used [0x00000000d5580000,0x00000000d5580000,0x00000000d5d00000)
  from space 1024K, 21% used [0x00000000d5d00000,0x00000000d5d38000,0x00000000d5e00000)
  to   space 512K, 0% used [0x00000000d5e00000,0x00000000d5e00000,0x00000000d5e80000)
 ParOldGen       total 845312K, used 845036K [0x0000000080000000, 0x00000000b3980000, 0x00000000d5580000)
  object space 845312K, 99% used [0x0000000080000000,0x00000000b393b168,0x00000000b3980000)
 Metaspace       used 76800K, committed 78464K, reserved 1179648K
  class space    used 9286K, committed 9984K, reserved 1048576K
}
Event: 1959.033 GC heap before
{Heap before GC invocations=1635 (full 3):
 PSYoungGen      total 8704K, used 7904K [0x00000000d5580000, 0x00000000d5e80000, 0x0000000100000000)
  eden space 7680K, 100% used [0x00000000d5580000,0x00000000d5d00000,0x00000000d5d00000)
  from space 1024K, 21% used [0x00000000d5d00000,0x00000000d5d38000,0x00000000d5e00000)
  to   space 512K, 0% used [0x00000000d5e00000,0x00000000d5e00000,0x00000000d5e80000)
 ParOldGen       total 845312K, used 845036K [0x0000000080000000, 0x00000000b3980000, 0x00000000d5580000)
  object space 845312K, 99% used [0x0000000080000000,0x00000000b393b168,0x00000000b3980000)
 Metaspace       used 76803K, committed 78464K, reserved 1179648K
  class space    used 9286K, committed 9984K, reserved 1048576K
}
Event: 1959.035 GC heap after
{Heap after GC invocations=1635 (full 3):
 PSYoungGen      total 8192K, used 256K [0x00000000d5580000, 0x00000000d5e80000, 0x0000000100000000)
  eden space 7680K, 0% used [0x00000000d5580000,0x00000000d5580000,0x00000000d5d00000)
  from space 512K, 50% used [0x00000000d5e00000,0x00000000d5e40000,0x00000000d5e80000)
  to   space 512K, 0% used [0x00000000d5d80000,0x00000000d5d80000,0x00000000d5e00000)
 ParOldGen       total 845312K, used 845116K [0x0000000080000000, 0x00000000b3980000, 0x00000000d5580000)
  object space 845312K, 99% used [0x0000000080000000,0x00000000b394f168,0x00000000b3980000)
 Metaspace       used 76803K, committed 78464K, reserved 1179648K
  class space    used 9286K, committed 9984K, reserved 1048576K
}
Event: 1959.060 GC heap before
{Heap before GC invocations=1636 (full 3):
 PSYoungGen      total 8192K, used 7936K [0x00000000d5580000, 0x00000000d5e80000, 0x0000000100000000)
  eden space 7680K, 100% used [0x00000000d5580000,0x00000000d5d00000,0x00000000d5d00000)
  from space 512K, 50% used [0x00000000d5e00000,0x00000000d5e40000,0x00000000d5e80000)
  to   space 512K, 0% used [0x00000000d5d80000,0x00000000d5d80000,0x00000000d5e00000)
 ParOldGen       total 845312K, used 845116K [0x0000000080000000, 0x00000000b3980000, 0x00000000d5580000)
  object space 845312K, 99% used [0x0000000080000000,0x00000000b394f168,0x00000000b3980000)
 Metaspace       used 76803K, committed 78464K, reserved 1179648K
  class space    used 9286K, committed 9984K, reserved 1048576K
}
Event: 1959.061 GC heap after
{Heap after GC invocations=1636 (full 3):
 PSYoungGen      total 8192K, used 512K [0x00000000d5580000, 0x00000000d6000000, 0x0000000100000000)
  eden space 7680K, 0% used [0x00000000d5580000,0x00000000d5580000,0x00000000d5d00000)
  from space 512K, 100% used [0x00000000d5d80000,0x00000000d5e00000,0x00000000d5e00000)
  to   space 1536K, 0% used [0x00000000d5e80000,0x00000000d5e80000,0x00000000d6000000)
 ParOldGen       total 846336K, used 845860K [0x0000000080000000, 0x00000000b3a80000, 0x00000000d5580000)
  object space 846336K, 99% used [0x0000000080000000,0x00000000b3a09168,0x00000000b3a80000)
 Metaspace       used 76803K, committed 78464K, reserved 1179648K
  class space    used 9286K, committed 9984K, reserved 1048576K
}
Event: 1992.326 GC heap before
{Heap before GC invocations=1637 (full 3):
 PSYoungGen      total 8192K, used 8192K [0x00000000d5580000, 0x00000000d6000000, 0x0000000100000000)
  eden space 7680K, 100% used [0x00000000d5580000,0x00000000d5d00000,0x00000000d5d00000)
  from space 512K, 100% used [0x00000000d5d80000,0x00000000d5e00000,0x00000000d5e00000)
  to   space 1536K, 0% used [0x00000000d5e80000,0x00000000d5e80000,0x00000000d6000000)
 ParOldGen       total 846336K, used 845860K [0x0000000080000000, 0x00000000b3a80000, 0x00000000d5580000)
  object space 846336K, 99% used [0x0000000080000000,0x00000000b3a09168,0x00000000b3a80000)
 Metaspace       used 76811K, committed 78464K, reserved 1179648K
  class space    used 9287K, committed 9984K, reserved 1048576K
}
Event: 1992.328 GC heap after
{Heap after GC invocations=1637 (full 3):
 PSYoungGen      total 8192K, used 320K [0x00000000d5580000, 0x00000000d5f00000, 0x0000000100000000)
  eden space 7680K, 0% used [0x00000000d5580000,0x00000000d5580000,0x00000000d5d00000)
  from space 512K, 62% used [0x00000000d5e80000,0x00000000d5ed0020,0x00000000d5f00000)
  to   space 1024K, 0% used [0x00000000d5d00000,0x00000000d5d00000,0x00000000d5e00000)
 ParOldGen       total 846848K, used 846380K [0x0000000080000000, 0x00000000b3b00000, 0x00000000d5580000)
  object space 846848K, 99% used [0x0000000080000000,0x00000000b3a8b168,0x00000000b3b00000)
 Metaspace       used 76811K, committed 78464K, reserved 1179648K
  class space    used 9287K, committed 9984K, reserved 1048576K
}

